2024-11-15T18:10:14.275+01:00  INFO 13568 --- [Projet 5 - OpenClassrooms] [main] c.safetynet.alerts.SafetyNetAlertsApp    : Starting SafetyNetAlertsApp using Java 21.0.1 with PID 13568 (C:\Users\AradGHORRESHI\Documents\apprentissage\openclassrooms\Projet 5 - OpenClassrooms\target\classes started by AradGHORRESHI in C:\Users\AradGHORRESHI\Documents\apprentissage\openclassrooms\Projet 5 - OpenClassrooms)
2024-11-15T18:10:14.278+01:00  INFO 13568 --- [Projet 5 - OpenClassrooms] [main] c.safetynet.alerts.SafetyNetAlertsApp    : No active profile set, falling back to 1 default profile: "default"
2024-11-15T18:10:15.283+01:00  INFO 13568 --- [Projet 5 - OpenClassrooms] [main] o.s.b.w.embedded.tomcat.TomcatWebServer  : Tomcat initialized with port 8081 (http)
2024-11-15T18:10:15.301+01:00  INFO 13568 --- [Projet 5 - OpenClassrooms] [main] o.apache.catalina.core.StandardService   : Starting service [Tomcat]
2024-11-15T18:10:15.301+01:00  INFO 13568 --- [Projet 5 - OpenClassrooms] [main] o.apache.catalina.core.StandardEngine    : Starting Servlet engine: [Apache Tomcat/10.1.24]
2024-11-15T18:10:15.361+01:00  INFO 13568 --- [Projet 5 - OpenClassrooms] [main] o.a.c.c.C.[Tomcat].[localhost].[/]       : Initializing Spring embedded WebApplicationContext
2024-11-15T18:10:15.362+01:00  INFO 13568 --- [Projet 5 - OpenClassrooms] [main] w.s.c.ServletWebServerApplicationContext : Root WebApplicationContext: initialization completed in 1034 ms
2024-11-15T18:10:15.563+01:00 DEBUG 13568 --- [Projet 5 - OpenClassrooms] [main] s.w.s.m.m.a.RequestMappingHandlerMapping : 18 mappings in 'requestMappingHandlerMapping'
2024-11-15T18:10:15.622+01:00 DEBUG 13568 --- [Projet 5 - OpenClassrooms] [main] o.s.w.s.handler.SimpleUrlHandlerMapping  : Patterns [/webjars/**, /**] in 'resourceHandlerMapping'
2024-11-15T18:10:15.650+01:00 DEBUG 13568 --- [Projet 5 - OpenClassrooms] [main] s.w.s.m.m.a.RequestMappingHandlerAdapter : ControllerAdvice beans: 0 @ModelAttribute, 0 @InitBinder, 1 RequestBodyAdvice, 1 ResponseBodyAdvice
2024-11-15T18:10:15.684+01:00 DEBUG 13568 --- [Projet 5 - OpenClassrooms] [main] .m.m.a.ExceptionHandlerExceptionResolver : ControllerAdvice beans: 0 @ExceptionHandler, 1 ResponseBodyAdvice
2024-11-15T18:10:15.754+01:00  INFO 13568 --- [Projet 5 - OpenClassrooms] [main] o.s.b.w.embedded.tomcat.TomcatWebServer  : Tomcat started on port 8081 (http) with context path '/'
2024-11-15T18:10:15.761+01:00  INFO 13568 --- [Projet 5 - OpenClassrooms] [main] c.safetynet.alerts.SafetyNetAlertsApp    : Started SafetyNetAlertsApp in 1.975 seconds (process running for 2.681)
2024-11-15T18:10:15.764+01:00  INFO 13568 --- [Projet 5 - OpenClassrooms] [main] c.safetynet.alerts.SafetyNetAlertsApp    : Initializing data loading process...
2024-11-15T18:10:15.766+01:00  INFO 13568 --- [Projet 5 - OpenClassrooms] [main] c.s.alerts.repository.DataLoader         : Starting data loading process from file: data.json
2024-11-15T18:10:15.839+01:00  INFO 13568 --- [Projet 5 - OpenClassrooms] [main] c.s.alerts.repository.JsonFileUtil       : Starting the process of saving data to file: data.json
2024-11-15T18:10:15.862+01:00  INFO 13568 --- [Projet 5 - OpenClassrooms] [main] c.s.alerts.repository.JsonFileUtil       : Data successfully saved to file: data.json
2024-11-15T18:10:15.862+01:00  INFO 13568 --- [Projet 5 - OpenClassrooms] [main] c.s.alerts.repository.DataLoader         : Data successfully loaded and saved from file: data.json
2024-11-15T18:10:15.862+01:00  INFO 13568 --- [Projet 5 - OpenClassrooms] [main] c.safetynet.alerts.SafetyNetAlertsApp    : Data loaded successfully.
2024-11-15T18:10:15.863+01:00  INFO 13568 --- [Projet 5 - OpenClassrooms] [main] c.safetynet.alerts.SafetyNetAlertsApp    : SafetyNet Alerts Application started successfully.
